<?xml version="1.0" encoding="UTF-8"?>
<coverage generated="1770607787787" clover="3.2.0">
  <project timestamp="1770607787787" name="All files">
    <metrics statements="48" coveredstatements="38" conditionals="40" coveredconditionals="24" methods="16" coveredmethods="5" elements="104" coveredelements="67" complexity="0" loc="48" ncloc="48" packages="2" files="8" classes="8"/>
    <package name="assets">
      <metrics statements="6" coveredstatements="6" conditionals="0" coveredconditionals="0" methods="0" coveredmethods="0"/>
      <file name="gis--poi-alt-2.png" path="/Users/steveycute/Documents/GitHub/Where2Go-Project/frontend/where2go/assets/gis--poi-alt-2.png">
        <metrics statements="1" coveredstatements="1" conditionals="0" coveredconditionals="0" methods="0" coveredmethods="0"/>
        <line num="1" count="1" type="stmt"/>
      </file>
      <file name="gis--poi-alt.png" path="/Users/steveycute/Documents/GitHub/Where2Go-Project/frontend/where2go/assets/gis--poi-alt.png">
        <metrics statements="1" coveredstatements="1" conditionals="0" coveredconditionals="0" methods="0" coveredmethods="0"/>
        <line num="1" count="1" type="stmt"/>
      </file>
      <file name="hugeicons--disability-02-2.png" path="/Users/steveycute/Documents/GitHub/Where2Go-Project/frontend/where2go/assets/hugeicons--disability-02-2.png">
        <metrics statements="1" coveredstatements="1" conditionals="0" coveredconditionals="0" methods="0" coveredmethods="0"/>
        <line num="1" count="1" type="stmt"/>
      </file>
      <file name="hugeicons--disability-02.png" path="/Users/steveycute/Documents/GitHub/Where2Go-Project/frontend/where2go/assets/hugeicons--disability-02.png">
        <metrics statements="1" coveredstatements="1" conditionals="0" coveredconditionals="0" methods="0" coveredmethods="0"/>
        <line num="1" count="1" type="stmt"/>
      </file>
      <file name="ic--round-gps-fixed.png" path="/Users/steveycute/Documents/GitHub/Where2Go-Project/frontend/where2go/assets/ic--round-gps-fixed.png">
        <metrics statements="1" coveredstatements="1" conditionals="0" coveredconditionals="0" methods="0" coveredmethods="0"/>
        <line num="1" count="1" type="stmt"/>
      </file>
      <file name="lets-icons--gps-fixed.png" path="/Users/steveycute/Documents/GitHub/Where2Go-Project/frontend/where2go/assets/lets-icons--gps-fixed.png">
        <metrics statements="1" coveredstatements="1" conditionals="0" coveredconditionals="0" methods="0" coveredmethods="0"/>
        <line num="1" count="1" type="stmt"/>
      </file>
    </package>
    <package name="src">
      <metrics statements="42" coveredstatements="32" conditionals="40" coveredconditionals="24" methods="16" coveredmethods="5"/>
      <file name="SideLeftBar.js" path="/Users/steveycute/Documents/GitHub/Where2Go-Project/frontend/where2go/src/SideLeftBar.js">
        <metrics statements="35" coveredstatements="31" conditionals="38" coveredconditionals="24" methods="11" coveredmethods="5"/>
        <line num="13" count="2" type="stmt"/>
        <line num="14" count="2" type="stmt"/>
        <line num="16" count="2" type="stmt"/>
        <line num="17" count="2" type="stmt"/>
        <line num="19" count="2" type="stmt"/>
        <line num="20" count="2" type="stmt"/>
        <line num="23" count="2" type="stmt"/>
        <line num="24" count="2" type="cond" truecount="2" falsecount="0"/>
        <line num="26" count="2" type="stmt"/>
        <line num="27" count="2" type="stmt"/>
        <line num="28" count="2" type="stmt"/>
        <line num="31" count="2" type="stmt"/>
        <line num="32" count="2" type="stmt"/>
        <line num="39" count="2" type="stmt"/>
        <line num="40" count="1" type="stmt"/>
        <line num="44" count="2" type="stmt"/>
        <line num="45" count="6" type="cond" truecount="2" falsecount="0"/>
        <line num="46" count="2" type="cond" truecount="1" falsecount="1"/>
        <line num="47" count="4" type="cond" truecount="2" falsecount="0"/>
        <line num="48" count="2" type="cond" truecount="1" falsecount="1"/>
        <line num="49" count="2" type="cond" truecount="1" falsecount="1"/>
        <line num="50" count="2" type="cond" truecount="1" falsecount="1"/>
        <line num="54" count="2" type="stmt"/>
        <line num="55" count="6" type="cond" truecount="2" falsecount="0"/>
        <line num="56" count="2" type="cond" truecount="1" falsecount="1"/>
        <line num="57" count="4" type="cond" truecount="2" falsecount="0"/>
        <line num="58" count="2" type="cond" truecount="1" falsecount="1"/>
        <line num="59" count="2" type="cond" truecount="1" falsecount="1"/>
        <line num="60" count="2" type="cond" truecount="1" falsecount="1"/>
        <line num="63" count="2" type="stmt"/>
        <line num="101" count="0" type="cond" truecount="0" falsecount="2"/>
        <line num="112" count="0" type="cond" truecount="0" falsecount="2"/>
        <line num="125" count="0" type="cond" truecount="0" falsecount="2"/>
        <line num="126" count="0" type="stmt"/>
        <line num="137" count="1" type="stmt"/>
      </file>
      <file name="TopRightMenu.js" path="/Users/steveycute/Documents/GitHub/Where2Go-Project/frontend/where2go/src/TopRightMenu.js">
        <metrics statements="7" coveredstatements="1" conditionals="2" coveredconditionals="0" methods="5" coveredmethods="0"/>
        <line num="6" count="0" type="stmt"/>
        <line num="8" count="0" type="stmt"/>
        <line num="13" count="0" type="stmt"/>
        <line num="21" count="0" type="stmt"/>
        <line num="24" count="0" type="stmt"/>
        <line num="27" count="0" type="stmt"/>
        <line num="36" count="1" type="stmt"/>
      </file>
    </package>
  </project>
</coverage>
