{"/Users/steveycute/Documents/GitHub/Where2Go-Project/frontend/where2go/src/Login.js": {"path":"/Users/steveycute/Documents/GitHub/Where2Go-Project/frontend/where2go/src/Login.js","statementMap":{"0":{"start":{"line":5,"column":20},"end":{"line":35,"column":1}},"1":{"start":{"line":6,"column":2},"end":{"line":34,"column":4}},"2":{"start":{"line":37,"column":15},"end":{"line":94,"column":2}}},"fnMap":{"0":{"name":"(anonymous_0)","decl":{"start":{"line":5,"column":20},"end":{"line":5,"column":21}},"loc":{"start":{"line":5,"column":34},"end":{"line":35,"column":1}},"line":5}},"branchMap":{},"s":{"0":0,"1":0,"2":0},"f":{"0":0},"b":{}}
,"/Users/steveycute/Documents/GitHub/Where2Go-Project/frontend/where2go/src/OutdoorDirection.js": {"path":"/Users/steveycute/Documents/GitHub/Where2Go-Project/frontend/where2go/src/OutdoorDirection.js","statementMap":{"0":{"start":{"line":4,"column":2},"end":{"line":4,"column":21}},"1":{"start":{"line":6,"column":2},"end":{"line":11,"column":4}},"2":{"start":{"line":14,"column":15},"end":{"line":42,"column":2}}},"fnMap":{"0":{"name":"OutdoorDirection","decl":{"start":{"line":3,"column":24},"end":{"line":3,"column":40}},"loc":{"start":{"line":3,"column":56},"end":{"line":12,"column":1}},"line":3}},"branchMap":{},"s":{"0":1,"1":1,"2":1},"f":{"0":1},"b":{},"_coverageSchema":"1a1c01bbd47fc00a2c39e90264f33305004495a9","hash":"e59b2bef49a4865524126dfef67d98f77b3c9ad3"}
,"/Users/steveycute/Documents/GitHub/Where2Go-Project/frontend/where2go/src/SideLeftBar.js": {"path":"/Users/steveycute/Documents/GitHub/Where2Go-Project/frontend/where2go/src/SideLeftBar.js","statementMap":{"0":{"start":{"line":13,"column":30},"end":{"line":13,"column":79}},"1":{"start":{"line":14,"column":31},"end":{"line":14,"column":82}},"2":{"start":{"line":16,"column":23},"end":{"line":16,"column":60}},"3":{"start":{"line":17,"column":24},"end":{"line":17,"column":63}},"4":{"start":{"line":19,"column":23},"end":{"line":19,"column":69}},"5":{"start":{"line":20,"column":24},"end":{"line":20,"column":68}},"6":{"start":{"line":23,"column":16},"end":{"line":23,"column":39}},"7":{"start":{"line":24,"column":20},"end":{"line":24,"column":71}},"8":{"start":{"line":26,"column":36},"end":{"line":26,"column":50}},"9":{"start":{"line":27,"column":36},"end":{"line":27,"column":50}},"10":{"start":{"line":28,"column":36},"end":{"line":28,"column":50}},"11":{"start":{"line":31,"column":2},"end":{"line":37,"column":25}},"12":{"start":{"line":32,"column":4},"end":{"line":36,"column":15}},"13":{"start":{"line":39,"column":23},"end":{"line":41,"column":3}},"14":{"start":{"line":40,"column":4},"end":{"line":40,"column":23}},"15":{"start":{"line":44,"column":20},"end":{"line":51,"column":1}},"16":{"start":{"line":45,"column":2},"end":{"line":46,"column":72}},"17":{"start":{"line":46,"column":4},"end":{"line":46,"column":72}},"18":{"start":{"line":47,"column":2},"end":{"line":48,"column":72}},"19":{"start":{"line":48,"column":4},"end":{"line":48,"column":72}},"20":{"start":{"line":49,"column":2},"end":{"line":50,"column":72}},"21":{"start":{"line":50,"column":4},"end":{"line":50,"column":72}},"22":{"start":{"line":54,"column":21},"end":{"line":61,"column":3}},"23":{"start":{"line":55,"column":4},"end":{"line":56,"column":77}},"24":{"start":{"line":56,"column":6},"end":{"line":56,"column":77}},"25":{"start":{"line":57,"column":4},"end":{"line":58,"column":63}},"26":{"start":{"line":58,"column":6},"end":{"line":58,"column":63}},"27":{"start":{"line":59,"column":4},"end":{"line":60,"column":63}},"28":{"start":{"line":60,"column":6},"end":{"line":60,"column":63}},"29":{"start":{"line":63,"column":2},"end":{"line":133,"column":4}},"30":{"start":{"line":101,"column":4},"end":{"line":101,"column":73}},"31":{"start":{"line":101,"column":28},"end":{"line":101,"column":71}},"32":{"start":{"line":112,"column":4},"end":{"line":112,"column":59}},"33":{"start":{"line":112,"column":28},"end":{"line":112,"column":57}},"34":{"start":{"line":125,"column":4},"end":{"line":125,"column":60}},"35":{"start":{"line":125,"column":28},"end":{"line":125,"column":57}},"36":{"start":{"line":126,"column":4},"end":{"line":126,"column":27}},"37":{"start":{"line":137,"column":15},"end":{"line":207,"column":2}}},"fnMap":{"0":{"name":"SideLeftBar","decl":{"start":{"line":11,"column":24},"end":{"line":11,"column":35}},"loc":{"start":{"line":11,"column":93},"end":{"line":134,"column":1}},"line":11},"1":{"name":"(anonymous_1)","decl":{"start":{"line":31,"column":12},"end":{"line":31,"column":13}},"loc":{"start":{"line":31,"column":18},"end":{"line":37,"column":3}},"line":31},"2":{"name":"(anonymous_2)","decl":{"start":{"line":39,"column":23},"end":{"line":39,"column":24}},"loc":{"start":{"line":39,"column":29},"end":{"line":41,"column":3}},"line":39},"3":{"name":"(anonymous_3)","decl":{"start":{"line":44,"column":20},"end":{"line":44,"column":21}},"loc":{"start":{"line":44,"column":30},"end":{"line":51,"column":1}},"line":44},"4":{"name":"(anonymous_4)","decl":{"start":{"line":54,"column":21},"end":{"line":54,"column":22}},"loc":{"start":{"line":54,"column":31},"end":{"line":61,"column":3}},"line":54},"5":{"name":"(anonymous_5)","decl":{"start":{"line":100,"column":11},"end":{"line":100,"column":12}},"loc":{"start":{"line":101,"column":4},"end":{"line":101,"column":73}},"line":101},"6":{"name":"(anonymous_6)","decl":{"start":{"line":101,"column":17},"end":{"line":101,"column":18}},"loc":{"start":{"line":101,"column":28},"end":{"line":101,"column":71}},"line":101},"7":{"name":"(anonymous_7)","decl":{"start":{"line":111,"column":11},"end":{"line":111,"column":12}},"loc":{"start":{"line":112,"column":4},"end":{"line":112,"column":59}},"line":112},"8":{"name":"(anonymous_8)","decl":{"start":{"line":112,"column":17},"end":{"line":112,"column":18}},"loc":{"start":{"line":112,"column":28},"end":{"line":112,"column":57}},"line":112},"9":{"name":"(anonymous_9)","decl":{"start":{"line":124,"column":11},"end":{"line":124,"column":12}},"loc":{"start":{"line":124,"column":17},"end":{"line":127,"column":3}},"line":124},"10":{"name":"(anonymous_10)","decl":{"start":{"line":125,"column":17},"end":{"line":125,"column":18}},"loc":{"start":{"line":125,"column":28},"end":{"line":125,"column":57}},"line":125}},"branchMap":{"0":{"loc":{"start":{"line":24,"column":46},"end":{"line":24,"column":61}},"type":"cond-expr","locations":[{"start":{"line":24,"column":54},"end":{"line":24,"column":55}},{"start":{"line":24,"column":58},"end":{"line":24,"column":61}}],"line":24},"1":{"loc":{"start":{"line":33,"column":15},"end":{"line":33,"column":30}},"type":"cond-expr","locations":[{"start":{"line":33,"column":23},"end":{"line":33,"column":24}},{"start":{"line":33,"column":27},"end":{"line":33,"column":30}}],"line":33},"2":{"loc":{"start":{"line":45,"column":2},"end":{"line":46,"column":72}},"type":"if","locations":[{"start":{"line":45,"column":2},"end":{"line":46,"column":72}},{"start":{},"end":{}}],"line":45},"3":{"loc":{"start":{"line":46,"column":30},"end":{"line":46,"column":69}},"type":"cond-expr","locations":[{"start":{"line":46,"column":51},"end":{"line":46,"column":60}},{"start":{"line":46,"column":63},"end":{"line":46,"column":69}}],"line":46},"4":{"loc":{"start":{"line":47,"column":2},"end":{"line":48,"column":72}},"type":"if","locations":[{"start":{"line":47,"column":2},"end":{"line":48,"column":72}},{"start":{},"end":{}}],"line":47},"5":{"loc":{"start":{"line":48,"column":30},"end":{"line":48,"column":69}},"type":"cond-expr","locations":[{"start":{"line":48,"column":51},"end":{"line":48,"column":60}},{"start":{"line":48,"column":63},"end":{"line":48,"column":69}}],"line":48},"6":{"loc":{"start":{"line":49,"column":2},"end":{"line":50,"column":72}},"type":"if","locations":[{"start":{"line":49,"column":2},"end":{"line":50,"column":72}},{"start":{},"end":{}}],"line":49},"7":{"loc":{"start":{"line":50,"column":30},"end":{"line":50,"column":69}},"type":"cond-expr","locations":[{"start":{"line":50,"column":51},"end":{"line":50,"column":60}},{"start":{"line":50,"column":63},"end":{"line":50,"column":69}}],"line":50},"8":{"loc":{"start":{"line":55,"column":4},"end":{"line":56,"column":77}},"type":"if","locations":[{"start":{"line":55,"column":4},"end":{"line":56,"column":77}},{"start":{},"end":{}}],"line":55},"9":{"loc":{"start":{"line":56,"column":13},"end":{"line":56,"column":76}},"type":"cond-expr","locations":[{"start":{"line":56,"column":34},"end":{"line":56,"column":54}},{"start":{"line":56,"column":57},"end":{"line":56,"column":76}}],"line":56},"10":{"loc":{"start":{"line":57,"column":4},"end":{"line":58,"column":63}},"type":"if","locations":[{"start":{"line":57,"column":4},"end":{"line":58,"column":63}},{"start":{},"end":{}}],"line":57},"11":{"loc":{"start":{"line":58,"column":13},"end":{"line":58,"column":62}},"type":"cond-expr","locations":[{"start":{"line":58,"column":34},"end":{"line":58,"column":47}},{"start":{"line":58,"column":50},"end":{"line":58,"column":62}}],"line":58},"12":{"loc":{"start":{"line":59,"column":4},"end":{"line":60,"column":63}},"type":"if","locations":[{"start":{"line":59,"column":4},"end":{"line":60,"column":63}},{"start":{},"end":{}}],"line":59},"13":{"loc":{"start":{"line":60,"column":13},"end":{"line":60,"column":62}},"type":"cond-expr","locations":[{"start":{"line":60,"column":34},"end":{"line":60,"column":47}},{"start":{"line":60,"column":50},"end":{"line":60,"column":62}}],"line":60},"14":{"loc":{"start":{"line":77,"column":33},"end":{"line":77,"column":59}},"type":"cond-expr","locations":[{"start":{"line":77,"column":41},"end":{"line":77,"column":50}},{"start":{"line":77,"column":53},"end":{"line":77,"column":59}}],"line":77},"15":{"loc":{"start":{"line":80,"column":5},"end":{"line":84,"column":5}},"type":"cond-expr","locations":[{"start":{"line":81,"column":6},"end":{"line":81,"column":69}},{"start":{"line":83,"column":6},"end":{"line":83,"column":75}}],"line":80},"16":{"loc":{"start":{"line":101,"column":28},"end":{"line":101,"column":71}},"type":"cond-expr","locations":[{"start":{"line":101,"column":52},"end":{"line":101,"column":56}},{"start":{"line":101,"column":59},"end":{"line":101,"column":71}}],"line":101},"17":{"loc":{"start":{"line":112,"column":28},"end":{"line":112,"column":57}},"type":"cond-expr","locations":[{"start":{"line":112,"column":45},"end":{"line":112,"column":49}},{"start":{"line":112,"column":52},"end":{"line":112,"column":57}}],"line":112},"18":{"loc":{"start":{"line":125,"column":28},"end":{"line":125,"column":57}},"type":"cond-expr","locations":[{"start":{"line":125,"column":45},"end":{"line":125,"column":49}},{"start":{"line":125,"column":52},"end":{"line":125,"column":57}}],"line":125}},"s":{"0":2,"1":2,"2":2,"3":2,"4":2,"5":2,"6":2,"7":2,"8":2,"9":2,"10":2,"11":2,"12":2,"13":2,"14":1,"15":2,"16":6,"17":2,"18":4,"19":2,"20":2,"21":2,"22":2,"23":6,"24":2,"25":4,"26":2,"27":2,"28":2,"29":2,"30":0,"31":0,"32":0,"33":0,"34":0,"35":0,"36":0,"37":1},"f":{"0":2,"1":2,"2":1,"3":6,"4":6,"5":0,"6":0,"7":0,"8":0,"9":0,"10":0},"b":{"0":[1,1],"1":[1,1],"2":[2,4],"3":[0,2],"4":[2,2],"5":[0,2],"6":[2,0],"7":[0,2],"8":[2,4],"9":[0,2],"10":[2,2],"11":[0,2],"12":[2,0],"13":[0,2],"14":[1,1],"15":[1,1],"16":[0,0],"17":[0,0],"18":[0,0]},"_coverageSchema":"1a1c01bbd47fc00a2c39e90264f33305004495a9","hash":"a8f74d29f8e3ccfd5ec9bac65329ea6079eb5f4f"}
,"/Users/steveycute/Documents/GitHub/Where2Go-Project/frontend/where2go/src/TopRightMenu.js": {"path":"/Users/steveycute/Documents/GitHub/Where2Go-Project/frontend/where2go/src/TopRightMenu.js","statementMap":{"0":{"start":{"line":6,"column":30},"end":{"line":6,"column":45}},"1":{"start":{"line":8,"column":2},"end":{"line":36,"column":4}},"2":{"start":{"line":13,"column":23},"end":{"line":13,"column":41}},"3":{"start":{"line":21,"column":60},"end":{"line":21,"column":76}},"4":{"start":{"line":27,"column":60},"end":{"line":27,"column":76}},"5":{"start":{"line":30,"column":60},"end":{"line":30,"column":76}},"6":{"start":{"line":39,"column":15},"end":{"line":74,"column":2}}},"fnMap":{"0":{"name":"TopRightMenu","decl":{"start":{"line":5,"column":24},"end":{"line":5,"column":36}},"loc":{"start":{"line":5,"column":57},"end":{"line":37,"column":1}},"line":5},"1":{"name":"(anonymous_1)","decl":{"start":{"line":13,"column":17},"end":{"line":13,"column":18}},"loc":{"start":{"line":13,"column":23},"end":{"line":13,"column":41}},"line":13},"2":{"name":"(anonymous_2)","decl":{"start":{"line":21,"column":54},"end":{"line":21,"column":55}},"loc":{"start":{"line":21,"column":60},"end":{"line":21,"column":76}},"line":21},"3":{"name":"(anonymous_3)","decl":{"start":{"line":27,"column":54},"end":{"line":27,"column":55}},"loc":{"start":{"line":27,"column":60},"end":{"line":27,"column":76}},"line":27},"4":{"name":"(anonymous_4)","decl":{"start":{"line":30,"column":54},"end":{"line":30,"column":55}},"loc":{"start":{"line":30,"column":60},"end":{"line":30,"column":76}},"line":30}},"branchMap":{"0":{"loc":{"start":{"line":19,"column":7},"end":{"line":34,"column":7}},"type":"binary-expr","locations":[{"start":{"line":19,"column":7},"end":{"line":19,"column":13}},{"start":{"line":20,"column":8},"end":{"line":33,"column":15}}],"line":19}},"s":{"0":0,"1":0,"2":0,"3":0,"4":0,"5":0,"6":1},"f":{"0":0,"1":0,"2":0,"3":0,"4":0},"b":{"0":[0,0]},"_coverageSchema":"1a1c01bbd47fc00a2c39e90264f33305004495a9","hash":"0850207a912f8970294c780ae8dc22d607d7b54f"}
,"/Users/steveycute/Documents/GitHub/Where2Go-Project/frontend/where2go/src/theme/colors.js": {"path":"/Users/steveycute/Documents/GitHub/Where2Go-Project/frontend/where2go/src/theme/colors.js","statementMap":{"0":{"start":{"line":5,"column":22},"end":{"line":12,"column":1}}},"fnMap":{},"branchMap":{},"s":{"0":0},"f":{},"b":{}}
}
