TN:
SF:assets/gis--poi-alt-2.png
FNF:0
FNH:0
DA:1,1
LF:1
LH:1
BRF:0
BRH:0
end_of_record
TN:
SF:assets/gis--poi-alt.png
FNF:0
FNH:0
DA:1,1
LF:1
LH:1
BRF:0
BRH:0
end_of_record
TN:
SF:assets/hugeicons--disability-02-2.png
FNF:0
FNH:0
DA:1,1
LF:1
LH:1
BRF:0
BRH:0
end_of_record
TN:
SF:assets/hugeicons--disability-02.png
FNF:0
FNH:0
DA:1,1
LF:1
LH:1
BRF:0
BRH:0
end_of_record
TN:
SF:assets/ic--round-gps-fixed.png
FNF:0
FNH:0
DA:1,1
LF:1
LH:1
BRF:0
BRH:0
end_of_record
TN:
SF:assets/lets-icons--gps-fixed.png
FNF:0
FNH:0
DA:1,1
LF:1
LH:1
BRF:0
BRH:0
end_of_record
TN:
SF:src/SideLeftBar.js
FN:11,SideLeftBar
FN:31,(anonymous_1)
FN:39,(anonymous_2)
FN:44,(anonymous_3)
FN:54,(anonymous_4)
FN:100,(anonymous_5)
FN:101,(anonymous_6)
FN:111,(anonymous_7)
FN:112,(anonymous_8)
FN:124,(anonymous_9)
FN:125,(anonymous_10)
FNF:11
FNH:5
FNDA:2,SideLeftBar
FNDA:2,(anonymous_1)
FNDA:1,(anonymous_2)
FNDA:6,(anonymous_3)
FNDA:6,(anonymous_4)
FNDA:0,(anonymous_5)
FNDA:0,(anonymous_6)
FNDA:0,(anonymous_7)
FNDA:0,(anonymous_8)
FNDA:0,(anonymous_9)
FNDA:0,(anonymous_10)
DA:13,2
DA:14,2
DA:16,2
DA:17,2
DA:19,2
DA:20,2
DA:23,2
DA:24,2
DA:26,2
DA:27,2
DA:28,2
DA:31,2
DA:32,2
DA:39,2
DA:40,1
DA:44,2
DA:45,6
DA:46,2
DA:47,4
DA:48,2
DA:49,2
DA:50,2
DA:54,2
DA:55,6
DA:56,2
DA:57,4
DA:58,2
DA:59,2
DA:60,2
DA:63,2
DA:101,0
DA:112,0
DA:125,0
DA:126,0
DA:137,1
LF:35
LH:31
BRDA:24,0,0,1
BRDA:24,0,1,1
BRDA:33,1,0,1
BRDA:33,1,1,1
BRDA:45,2,0,2
BRDA:45,2,1,4
BRDA:46,3,0,0
BRDA:46,3,1,2
BRDA:47,4,0,2
BRDA:47,4,1,2
BRDA:48,5,0,0
BRDA:48,5,1,2
BRDA:49,6,0,2
BRDA:49,6,1,0
BRDA:50,7,0,0
BRDA:50,7,1,2
BRDA:55,8,0,2
BRDA:55,8,1,4
BRDA:56,9,0,0
BRDA:56,9,1,2
BRDA:57,10,0,2
BRDA:57,10,1,2
BRDA:58,11,0,0
BRDA:58,11,1,2
BRDA:59,12,0,2
BRDA:59,12,1,0
BRDA:60,13,0,0
BRDA:60,13,1,2
BRDA:77,14,0,1
BRDA:77,14,1,1
BRDA:80,15,0,1
BRDA:80,15,1,1
BRDA:101,16,0,0
BRDA:101,16,1,0
BRDA:112,17,0,0
BRDA:112,17,1,0
BRDA:125,18,0,0
BRDA:125,18,1,0
BRF:38
BRH:24
end_of_record
TN:
SF:src/TopRightMenu.js
FN:5,TopRightMenu
FN:13,(anonymous_1)
FN:21,(anonymous_2)
FN:24,(anonymous_3)
FN:27,(anonymous_4)
FNF:5
FNH:0
FNDA:0,TopRightMenu
FNDA:0,(anonymous_1)
FNDA:0,(anonymous_2)
FNDA:0,(anonymous_3)
FNDA:0,(anonymous_4)
DA:6,0
DA:8,0
DA:13,0
DA:21,0
DA:24,0
DA:27,0
DA:36,1
LF:7
LH:1
BRDA:19,0,0,0
BRDA:19,0,1,0
BRF:2
BRH:0
end_of_record
